1 1 1
2 11 20
2 11 20
1 11 20
5 31 112
3 1 8
4 11 20
7 11 20
4 81 116
2 31 112
7 81 116
4 111 119
11 21 21
4 61 113
6 81 116
13 21 21
3 41 112
6 51 112
18 51 112
15 21 21
14 91 116
18 161 122
15 61 113
5 21 21
5 81 116
4 11 20
18 91 116
20 91 116
24 211 125
29 11 112
17 141 122
29 231 128
31 91 116
26 81 116
25 271 128
17 171 125
10 231 128
4 91 116
3 101 119
6 211 125
23 1 21
40 31 107
10 81 116
41 71 113
11 221 125
22 1 21
44 41 110
6 371 144
44 221 125
23 111 119
6 471 144
36 471 144
30 401 144
38 241 128
54 291 128
13 81 116
23 121 119
2 541 144
28 181 125
18 581 144
1 461 144
10 601 144
58 531 144
47 11 112
57 391 144
60 331 144
37 521 144
56 251 128
28 631 144
18 61 113
15 511 144
10 131 122
49 341 144
39 291 128
10 151 122
3 81 116
16 761 171
3 241 128
25 641 144
40 311 128
20 541 144
56 31 113
42 451 144
3 231 128
68 251 128
63 11 113
74 811 171
54 521 144
67 661 145
57 801 171
38 471 144
32 741 171
6 451 144
69 441 144
7 801 171
4 151 122
77 101 119
84 381 144
16 611 144
41 151 122
90 491 144
1 999999 525
